<?xml version="1.0" encoding="UTF-8"?>
<!-- Generated by org.testng.reporters.JUnitXMLReporter -->
<testsuite ignored="0" hostname="GODHEAVEN" failures="0" tests="5" name="Login Tests" time="22.754" errors="0" timestamp="2024-08-29T23:02:04 IST">
  <testcase classname="tests.LoginTest" name="loginWithValidData" time="1.267"/>
  <testcase classname="tests.NegaLoginTest" name="loginWithInvalidCredentials" time="0.53"/>
  <testcase classname="tests.NegaLoginTest" name="loginWithInvalidCredentials" time="0.732"/>
  <testcase classname="tests.NegaLoginTest" name="loginWithInvalidCredentials" time="0.797"/>
  <testcase classname="tests.NegaLoginTest" name="loginWithInvalidCredentials" time="0.788"/>
</testsuite> <!-- Login Tests -->
